# JRE version: Java(TM) SE Runtime Environment (8.0_191-b12) (build 1.8.0_191-b12)
# Java VM: Java HotSpot(TM) 64-Bit Server VM (25.191-b12 mixed mode windows-amd64 compressed oops)
Heap:
 PSYoungGen      total 229376K, used 70896K [0x00000000d5f80000, 0x00000000ea700000, 0x0000000100000000)
  eden space 215552K, 32% used [0x00000000d5f80000,0x00000000da4bc260,0x00000000e3200000)
  from space 13824K, 0% used [0x00000000e3200000,0x00000000e3200000,0x00000000e3f80000)
  to   space 24576K, 0% used [0x00000000e8f00000,0x00000000e8f00000,0x00000000ea700000)
 ParOldGen       total 76288K, used 32759K [0x0000000081e00000, 0x0000000086880000, 0x00000000d5f80000)
  object space 76288K, 42% used [0x0000000081e00000,0x0000000083dfddc0,0x0000000086880000)
 Metaspace       used 60608K, capacity 63326K, committed 63488K, reserved 1105920K
  class space    used 8404K, capacity 8874K, committed 8960K, reserved 1048576K
GC Heap History (10 events):
Event: 19.336 GC heap before
{Heap before GC invocations=13 (full 2):
 PSYoungGen      total 233984K, used 46609K [0x00000000d5f80000, 0x00000000ea800000, 0x0000000100000000)
  eden space 215552K, 13% used [0x00000000d5f80000,0x00000000d7b0ac98,0x00000000e3200000)
  from space 18432K, 99% used [0x00000000e9600000,0x00000000ea7f99b8,0x00000000ea800000)
  to   space 13824K, 0% used [0x00000000e3200000,0x00000000e3200000,0x00000000e3f80000)
 ParOldGen       total 76288K, used 32700K [0x0000000081e00000, 0x0000000086880000, 0x00000000d5f80000)
  object space 76288K, 42% used [0x0000000081e00000,0x0000000083def248,0x0000000086880000)
 Metaspace       used 56604K, capacity 59020K, committed 59160K, reserved 1101824K
  class space    used 7782K, capacity 8222K, committed 8320K, reserved 1048576K
Event: 19.355 GC heap after
Heap after GC invocations=13 (full 2):
 PSYoungGen      total 229376K, used 1315K [0x00000000d5f80000, 0x00000000ea800000, 0x0000000100000000)
  eden space 215552K, 0% used [0x00000000d5f80000,0x00000000d5f80000,0x00000000e3200000)
  from space 13824K, 9% used [0x00000000e3200000,0x00000000e3348eb8,0x00000000e3f80000)
  to   space 18432K, 0% used [0x00000000e9600000,0x00000000e9600000,0x00000000ea800000)
 ParOldGen       total 76288K, used 43141K [0x0000000081e00000, 0x0000000086880000, 0x00000000d5f80000)
  object space 76288K, 56% used [0x0000000081e00000,0x0000000084821680,0x0000000086880000)
 Metaspace       used 56604K, capacity 59020K, committed 59160K, reserved 1101824K
  class space    used 7782K, capacity 8222K, committed 8320K, reserved 1048576K
}
Event: 19.355 GC heap before
{Heap before GC invocations=14 (full 3):
 PSYoungGen      total 229376K, used 1315K [0x00000000d5f80000, 0x00000000ea800000, 0x0000000100000000)
  eden space 215552K, 0% used [0x00000000d5f80000,0x00000000d5f80000,0x00000000e3200000)
  from space 13824K, 9% used [0x00000000e3200000,0x00000000e3348eb8,0x00000000e3f80000)
  to   space 18432K, 0% used [0x00000000e9600000,0x00000000e9600000,0x00000000ea800000)
 ParOldGen       total 76288K, used 43141K [0x0000000081e00000, 0x0000000086880000, 0x00000000d5f80000)
  object space 76288K, 56% used [0x0000000081e00000,0x0000000084821680,0x0000000086880000)
 Metaspace       used 56604K, capacity 59020K, committed 59160K, reserved 1101824K
  class space    used 7782K, capacity 8222K, committed 8320K, reserved 1048576K
Event: 19.609 GC heap after
Heap after GC invocations=14 (full 3):
 PSYoungGen      total 229376K, used 0K [0x00000000d5f80000, 0x00000000ea800000, 0x0000000100000000)
  eden space 215552K, 0% used [0x00000000d5f80000,0x00000000d5f80000,0x00000000e3200000)
  from space 13824K, 0% used [0x00000000e3200000,0x00000000e3200000,0x00000000e3f80000)
  to   space 18432K, 0% used [0x00000000e9600000,0x00000000e9600000,0x00000000ea800000)
 ParOldGen       total 76288K, used 25846K [0x0000000081e00000, 0x0000000086880000, 0x00000000d5f80000)
  object space 76288K, 33% used [0x0000000081e00000,0x000000008373d850,0x0000000086880000)
 Metaspace       used 56604K, capacity 59020K, committed 59160K, reserved 1101824K
  class space    used 7782K, capacity 8222K, committed 8320K, reserved 1048576K
}
Event: 20.949 GC heap before
{Heap before GC invocations=15 (full 3):
 PSYoungGen      total 229376K, used 215552K [0x00000000d5f80000, 0x00000000ea800000, 0x0000000100000000)
  eden space 215552K, 100% used [0x00000000d5f80000,0x00000000e3200000,0x00000000e3200000)
  from space 13824K, 0% used [0x00000000e3200000,0x00000000e3200000,0x00000000e3f80000)
  to   space 18432K, 0% used [0x00000000e9600000,0x00000000e9600000,0x00000000ea800000)
 ParOldGen       total 76288K, used 25846K [0x0000000081e00000, 0x0000000086880000, 0x00000000d5f80000)
  object space 76288K, 33% used [0x0000000081e00000,0x000000008373d850,0x0000000086880000)
 Metaspace       used 57676K, capacity 60244K, committed 60416K, reserved 1103872K
  class space    used 7966K, capacity 8414K, committed 8448K, reserved 1048576K
Event: 20.961 GC heap after
Heap after GC invocations=15 (full 3):
 PSYoungGen      total 233984K, used 16501K [0x00000000d5f80000, 0x00000000ea800000, 0x0000000100000000)
  eden space 215552K, 0% used [0x00000000d5f80000,0x00000000d5f80000,0x00000000e3200000)
  from space 18432K, 89% used [0x00000000e9600000,0x00000000ea61d6d0,0x00000000ea800000)
  to   space 13824K, 0% used [0x00000000e3200000,0x00000000e3200000,0x00000000e3f80000)
 ParOldGen       total 76288K, used 25854K [0x0000000081e00000, 0x0000000086880000, 0x00000000d5f80000)
  object space 76288K, 33% used [0x0000000081e00000,0x000000008373f850,0x0000000086880000)
 Metaspace       used 57676K, capacity 60244K, committed 60416K, reserved 1103872K
  class space    used 7966K, capacity 8414K, committed 8448K, reserved 1048576K
}
Event: 21.501 GC heap before
{Heap before GC invocations=16 (full 3):
 PSYoungGen      total 233984K, used 78169K [0x00000000d5f80000, 0x00000000ea800000, 0x0000000100000000)
  eden space 215552K, 28% used [0x00000000d5f80000,0x00000000d9bb8ec0,0x00000000e3200000)
  from space 18432K, 89% used [0x00000000e9600000,0x00000000ea61d6d0,0x00000000ea800000)
  to   space 13824K, 0% used [0x00000000e3200000,0x00000000e3200000,0x00000000e3f80000)
 ParOldGen       total 76288K, used 25854K [0x0000000081e00000, 0x0000000086880000, 0x00000000d5f80000)
  object space 76288K, 33% used [0x0000000081e00000,0x000000008373f850,0x0000000086880000)
 Metaspace       used 58624K, capacity 61286K, committed 61440K, reserved 1107968K
  class space    used 8105K, capacity 8581K, committed 8704K, reserved 1048576K
Event: 21.509 GC heap after
Heap after GC invocations=16 (full 3):
 PSYoungGen      total 229376K, used 6472K [0x00000000d5f80000, 0x00000000ea700000, 0x0000000100000000)
  eden space 215552K, 0% used [0x00000000d5f80000,0x00000000d5f80000,0x00000000e3200000)
  from space 13824K, 46% used [0x00000000e3200000,0x00000000e3852190,0x00000000e3f80000)
  to   space 24576K, 0% used [0x00000000e8f00000,0x00000000e8f00000,0x00000000ea700000)
 ParOldGen       total 76288K, used 27746K [0x0000000081e00000, 0x0000000086880000, 0x00000000d5f80000)
  object space 76288K, 36% used [0x0000000081e00000,0x0000000083918bc0,0x0000000086880000)
 Metaspace       used 58624K, capacity 61286K, committed 61440K, reserved 1107968K
  class space    used 8105K, capacity 8581K, committed 8704K, reserved 1048576K
}
Event: 21.509 GC heap before
{Heap before GC invocations=17 (full 4):
 PSYoungGen      total 229376K, used 6472K [0x00000000d5f80000, 0x00000000ea700000, 0x0000000100000000)
  eden space 215552K, 0% used [0x00000000d5f80000,0x00000000d5f80000,0x00000000e3200000)
  from space 13824K, 46% used [0x00000000e3200000,0x00000000e3852190,0x00000000e3f80000)
  to   space 24576K, 0% used [0x00000000e8f00000,0x00000000e8f00000,0x00000000ea700000)
 ParOldGen       total 76288K, used 27746K [0x0000000081e00000, 0x0000000086880000, 0x00000000d5f80000)
  object space 76288K, 36% used [0x0000000081e00000,0x0000000083918bc0,0x0000000086880000)
 Metaspace       used 58624K, capacity 61286K, committed 61440K, reserved 1107968K
  class space    used 8105K, capacity 8581K, committed 8704K, reserved 1048576K
Event: 21.854 GC heap after
Heap after GC invocations=17 (full 4):
 PSYoungGen      total 229376K, used 0K [0x00000000d5f80000, 0x00000000ea700000, 0x0000000100000000)
  eden space 215552K, 0% used [0x00000000d5f80000,0x00000000d5f80000,0x00000000e3200000)
  from space 13824K, 0% used [0x00000000e3200000,0x00000000e3200000,0x00000000e3f80000)
  to   space 24576K, 0% used [0x00000000e8f00000,0x00000000e8f00000,0x00000000ea700000)
 ParOldGen       total 76288K, used 32759K [0x0000000081e00000, 0x0000000086880000, 0x00000000d5f80000)
  object space 76288K, 42% used [0x0000000081e00000,0x0000000083dfddc0,0x0000000086880000)
 Metaspace       used 58624K, capacity 61286K, committed 61440K, reserved 1105920K
  class space    used 8105K, capacity 8581K, committed 8704K, reserved 1048576K
}

